<?xml version="1.0" encoding="UTF-8"?>
<!-- Generated by org.testng.reporters.JUnitReportReporter -->
<testsuite hostname="DESKTOP-2BSC6FJ" failures="0" tests="4" name="Testng.Testcases.testcase001" time="19.249" errors="0" timestamp="2023-06-27T22:09:50 IST" skipped="0">
  <testcase classname="Testng.Testcases.testcase001" name="Actualtitle" time="0.058"/>
  <system-out/>
  <testcase classname="Testng.Testcases.testcase001" name="selectfirstoption" time="2.144"/>
  <system-out/>
  <testcase classname="Testng.Testcases.testcase001" name="sidespage" time="14.851"/>
  <system-out/>
  <testcase classname="Testng.Testcases.testcase001" name="location" time="2.196"/>
  <system-out/>
</testsuite> <!-- Testng.Testcases.testcase001 -->
